SF:lib/core/errors/failures.dart
DA:6,3
DA:11,2
DA:12,4
DA:17,3
DA:22,0
DA:27,0
DA:32,0
DA:37,0
DA:42,0
LF:9
LH:4
end_of_record
SF:lib/features/categories/domain/entities/category.dart
DA:9,2
DA:16,1
DA:17,5
LF:3
LH:3
end_of_record
SF:lib/features/categories/domain/usecases/add_category.dart
DA:10,1
DA:12,1
DA:13,2
LF:3
LH:3
end_of_record
SF:lib/features/categories/domain/usecases/delete_category.dart
DA:10,1
DA:12,1
DA:13,2
LF:3
LH:3
end_of_record
SF:lib/features/categories/domain/usecases/get_categories.dart
DA:10,1
DA:12,3
LF:2
LH:2
end_of_record
SF:lib/features/settings/domain/entities/user_settings.dart
DA:16,1
DA:29,1
DA:41,1
DA:42,1
DA:43,1
DA:44,1
DA:45,1
DA:47,1
DA:48,1
DA:49,1
DA:50,1
DA:51,1
DA:52,1
DA:56,1
DA:57,1
DA:58,1
DA:59,1
DA:60,1
DA:61,1
DA:62,1
DA:63,1
DA:64,1
DA:65,1
DA:66,1
DA:67,1
LF:25
LH:25
end_of_record
SF:lib/features/settings/domain/usecases/get_settings.dart
DA:10,0
DA:12,0
LF:2
LH:0
end_of_record
SF:lib/features/settings/domain/usecases/update_settings.dart
DA:10,0
DA:12,0
DA:13,0
LF:3
LH:0
end_of_record
SF:lib/features/settings/presentation/bloc/settings_event.dart
DA:4,2
DA:6,0
DA:7,0
DA:11,1
DA:17,1
DA:19,0
DA:20,0
DA:26,1
DA:28,0
DA:29,0
DA:35,1
DA:37,0
DA:38,0
DA:44,1
DA:46,0
DA:47,0
DA:53,0
DA:55,0
DA:56,0
DA:62,0
DA:64,0
DA:65,0
DA:71,0
DA:73,0
DA:74,0
DA:80,1
DA:82,0
DA:83,0
DA:89,1
DA:91,0
DA:92,0
DA:98,1
DA:100,0
DA:101,0
LF:34
LH:9
end_of_record
SF:lib/features/settings/presentation/bloc/settings_bloc.dart
DA:18,1
DA:19,1
DA:20,2
DA:21,2
DA:22,2
DA:23,2
DA:24,2
DA:25,2
DA:26,2
DA:27,2
DA:28,2
DA:29,2
DA:30,2
DA:33,1
DA:34,2
DA:41,2
DA:44,1
DA:48,1
DA:49,1
DA:50,3
DA:51,2
DA:53,2
DA:58,1
DA:62,1
DA:63,1
DA:64,3
DA:65,2
DA:67,2
DA:72,1
DA:76,1
DA:77,1
DA:78,3
DA:79,2
DA:81,2
DA:86,1
DA:90,1
DA:91,1
DA:92,2
DA:93,1
DA:95,2
DA:97,2
DA:102,0
DA:106,0
DA:107,0
DA:108,0
DA:109,0
DA:111,0
DA:113,0
DA:118,0
DA:122,0
DA:123,0
DA:124,0
DA:125,0
DA:127,0
DA:129,0
DA:134,0
DA:138,0
DA:139,0
DA:140,0
DA:141,0
DA:143,0
DA:145,0
DA:150,1
DA:154,1
DA:155,1
DA:156,2
DA:157,1
DA:159,2
DA:161,2
DA:166,1
DA:170,1
DA:171,1
DA:172,2
DA:173,1
DA:175,2
DA:177,2
DA:182,1
DA:186,1
DA:187,1
DA:188,2
DA:189,1
DA:191,2
DA:193,2
LF:83
LH:62
end_of_record
SF:lib/features/settings/presentation/bloc/settings_state.dart
DA:4,6
DA:6,0
DA:7,0
DA:11,5
DA:17,1
DA:19,1
DA:20,2
DA:22,1
DA:23,1
LF:9
LH:7
end_of_record
SF:lib/features/categories/presentation/bloc/category_state.dart
DA:4,4
DA:6,1
DA:7,1
DA:11,3
DA:15,3
DA:21,2
DA:23,1
DA:24,2
DA:30,1
DA:32,1
DA:33,2
LF:11
LH:11
end_of_record
SF:lib/features/categories/presentation/bloc/category_event.dart
DA:4,2
DA:6,0
DA:7,0
DA:11,2
DA:17,1
DA:19,0
DA:20,0
DA:26,1
DA:28,0
DA:29,0
LF:10
LH:4
end_of_record
SF:lib/features/categories/presentation/bloc/category_bloc.dart
DA:21,1
DA:22,1
DA:23,2
DA:24,2
DA:25,2
DA:28,1
DA:32,1
DA:33,2
DA:34,2
DA:37,1
DA:38,3
DA:40,2
DA:44,1
DA:48,4
DA:51,1
DA:52,3
DA:54,2
DA:58,1
DA:62,4
DA:65,1
DA:66,3
DA:68,2
LF:22
LH:22
end_of_record
SF:lib/core/errors/error_handler.dart
DA:10,0
DA:16,0
DA:18,0
DA:19,0
DA:23,0
DA:27,0
DA:31,0
DA:35,0
DA:39,0
DA:44,0
DA:49,0
DA:50,0
DA:51,0
DA:52,0
DA:64,0
DA:65,0
DA:69,0
DA:70,0
DA:73,0
DA:74,0
DA:75,0
DA:76,0
DA:77,0
DA:78,0
DA:84,0
DA:85,0
DA:86,0
DA:87,0
DA:88,0
DA:94,0
DA:95,0
DA:96,0
DA:97,0
DA:98,0
DA:104,0
DA:105,0
DA:114,2
DA:121,4
DA:122,4
DA:123,8
DA:124,6
DA:126,0
DA:127,0
DA:129,4
DA:131,2
DA:137,0
DA:143,0
DA:144,0
DA:145,0
DA:154,0
DA:159,0
DA:160,0
DA:161,0
DA:162,0
DA:164,0
DA:168,0
DA:177,0
DA:178,0
DA:181,0
DA:182,0
LF:60
LH:7
end_of_record
SF:lib/core/errors/exceptions.dart
DA:7,0
DA:18,0
DA:20,0
DA:25,0
DA:34,0
DA:47,0
DA:56,0
DA:69,0
DA:78,0
DA:87,0
LF:10
LH:0
end_of_record
SF:lib/features/journal/domain/entities/journal_entry.dart
DA:6,0
DA:8,0
DA:10,0
DA:12,0
DA:14,0
DA:16,0
DA:33,1
DA:45,0
DA:56,0
DA:57,0
DA:58,0
DA:59,0
DA:60,0
DA:61,0
DA:62,0
DA:63,0
DA:64,0
DA:65,0
DA:69,1
DA:70,1
DA:71,1
DA:72,1
DA:73,1
DA:74,1
DA:75,1
DA:76,1
DA:77,1
DA:78,1
DA:79,1
LF:29
LH:12
end_of_record
SF:lib/features/journal/domain/entities/journal_filter.dart
DA:10,2
DA:18,1
DA:19,2
DA:20,1
DA:21,1
DA:22,1
DA:23,1
DA:25,0
DA:27,0
DA:34,0
DA:35,0
DA:36,0
DA:37,0
DA:38,0
DA:39,0
DA:43,1
DA:44,6
LF:17
LH:9
end_of_record
SF:lib/features/journal/domain/usecases/add_entry.dart
DA:11,0
DA:13,0
DA:14,0
LF:3
LH:0
end_of_record
SF:lib/features/journal/domain/usecases/delete_entry.dart
DA:10,0
DA:12,0
DA:13,0
LF:3
LH:0
end_of_record
SF:lib/features/journal/domain/usecases/get_entries.dart
DA:11,0
DA:13,0
LF:2
LH:0
end_of_record
SF:lib/features/journal/domain/usecases/search_entries.dart
DA:12,0
DA:14,0
DA:15,0
LF:3
LH:0
end_of_record
SF:lib/features/journal/presentation/bloc/journal_state.dart
DA:7,3
DA:9,1
DA:10,1
DA:15,2
DA:20,2
DA:29,1
DA:35,0
DA:40,0
DA:41,0
DA:42,0
DA:43,0
DA:47,1
DA:48,4
DA:56,1
DA:58,1
DA:59,3
DA:64,2
DA:72,1
DA:74,1
DA:75,3
LF:20
LH:15
end_of_record
SF:lib/features/journal/presentation/bloc/journal_event.dart
DA:5,3
DA:7,0
DA:8,0
DA:13,2
DA:20,1
DA:22,0
DA:23,0
DA:30,1
DA:32,0
DA:33,0
DA:40,1
DA:42,0
DA:43,0
DA:48,1
DA:55,0
DA:57,0
DA:58,0
LF:17
LH:6
end_of_record
SF:lib/features/journal/presentation/bloc/journal_bloc.dart
DA:27,1
DA:32,1
DA:33,2
DA:34,2
DA:35,2
DA:36,2
DA:37,2
DA:38,2
DA:41,0
DA:45,0
DA:46,0
DA:47,0
DA:52,1
DA:56,1
DA:57,2
DA:60,1
DA:61,3
DA:63,2
DA:68,1
DA:72,1
DA:73,3
DA:76,1
DA:77,3
DA:79,1
DA:84,1
DA:88,1
DA:89,3
DA:92,0
DA:93,0
DA:95,1
DA:100,1
DA:104,1
DA:105,1
DA:106,1
DA:110,1
DA:111,2
DA:114,0
DA:115,0
DA:117,2
DA:122,1
DA:126,1
LF:41
LH:33
end_of_record
